<?xml version="1.0" encoding="UTF-8"?>
<!-- Generated by org.testng.reporters.JUnitReportReporter -->
<testsuite skipped="0" hostname="Batman" name="test.LoginPageTest" tests="1" failures="0" timestamp="2023-03-28T18:46:30 BST" time="8.543" errors="0">
  <testcase name="validUserShouldBeLogin" time="8.543" classname="test.LoginPageTest"/>
  <system-out/>
</testsuite> <!-- test.LoginPageTest -->
