<?xml version="1.0" encoding="UTF-8"?>
<!-- Generated by org.testng.reporters.JUnitReportReporter -->
<testsuite skipped="0" hostname="Batman" name="test.LoginPageTest" tests="1" failures="0" timestamp="2023-02-19T17:36:31 GMT" time="5.626" errors="0">
  <testcase name="validUserShouldLogin" time="5.626" classname="test.LoginPageTest"/>
  <system-out/>
</testsuite> <!-- test.LoginPageTest -->
